<?xml version="1.0" encoding="UTF-8"?><testrun name="MethodsTester" project="UML" tests="69" started="69" failures="0" errors="1" ignored="0">
  <testsuite name="uml.FieldTester" time="0.549">
    <testcase name="test01_AddField" classname="uml.FieldTester" time="0.456"/>
    <testcase name="test01_AddFieldgui" classname="uml.FieldTester" time="0.015"/>
    <testcase name="test02_AddExistingField" classname="uml.FieldTester" time="0.008"/>
    <testcase name="test03_AddNonAlphaField" classname="uml.FieldTester" time="0.007"/>
    <testcase name="test04_AddFieldNonExistingClass" classname="uml.FieldTester" time="0.001"/>
    <testcase name="test05_RemoveField" classname="uml.FieldTester" time="0.008"/>
    <testcase name="test06_RemoveNonExistingField" classname="uml.FieldTester" time="0.01"/>
    <testcase name="test07_RemoveFieldNonExistingClass" classname="uml.FieldTester" time="0.001"/>
    <testcase name="test08_RenameField" classname="uml.FieldTester" time="0.025"/>
    <testcase name="test09_RenameNonExistingField" classname="uml.FieldTester" time="0.004"/>
    <testcase name="test10_RenameFieldNonExistingClass" classname="uml.FieldTester" time="0.0"/>
    <testcase name="test11_RenameFieldNonAlpha" classname="uml.FieldTester" time="0.005"/>
  </testsuite>
  <testsuite name="uml.MethodOverloadingTests" time="0.142">
    <testcase name="containsDuplicateMethods" classname="uml.MethodOverloadingTests" time="0.021"/>
    <testcase name="containsSameSignatureAdding" classname="uml.MethodOverloadingTests" time="0.01"/>
    <testcase name="containsSameSignatureChanging" classname="uml.MethodOverloadingTests" time="0.012"/>
    <testcase name="containsSameSignatureChangingAll" classname="uml.MethodOverloadingTests" time="0.013"/>
    <testcase name="containsSameSignatureDeleting" classname="uml.MethodOverloadingTests" time="0.006"/>
    <testcase name="containsSameSignatureDeletingAll" classname="uml.MethodOverloadingTests" time="0.009"/>
    <testcase name="findingCorrectMethodsAndCompareParams" classname="uml.MethodOverloadingTests" time="0.008"/>
    <testcase name="locatingParameters" classname="uml.MethodOverloadingTests" time="0.03"/>
    <testcase name="locatingParametersCLI" classname="uml.MethodOverloadingTests" time="0.029"/>
  </testsuite>
  <testsuite name="uml.addDeleteRenameTests" time="0.041">
    <testcase name="test01_Constructor" classname="uml.addDeleteRenameTests" time="0.0"/>
    <testcase name="test02_AddThreeClasses" classname="uml.addDeleteRenameTests" time="0.015"/>
    <testcase name="test03_AddClassNotAlphaNum" classname="uml.addDeleteRenameTests" time="0.001"/>
    <testcase name="test04_AddClassExists" classname="uml.addDeleteRenameTests" time="0.001"/>
    <testcase name="test05_DeleteClassExists" classname="uml.addDeleteRenameTests" time="0.004"/>
    <testcase name="test06_DeleteClassNotExists" classname="uml.addDeleteRenameTests" time="0.001"/>
    <testcase name="test07_RenameClassSuccess" classname="uml.addDeleteRenameTests" time="0.003"/>
    <testcase name="test08_RenameClassNotExists" classname="uml.addDeleteRenameTests" time="0.001"/>
    <testcase name="test09_RenameClassExists" classname="uml.addDeleteRenameTests" time="0.003"/>
    <testcase name="test10_RenameClassNotAlphaNum" classname="uml.addDeleteRenameTests" time="0.004"/>
    <testcase name="test11_FindUMLObject" classname="uml.addDeleteRenameTests" time="0.002"/>
    <testcase name="test12t" classname="uml.addDeleteRenameTests" time="0.002"/>
  </testsuite>
  <testsuite name="uml.Jsontests" time="0.022">
    <testcase name="setCollection" classname="uml.Jsontests" time="0.013"/>
    <testcase name="saveandLoadTestsBasic" classname="uml.Jsontests" time="0.008"/>
  </testsuite>
  <testsuite name="uml.relationshipTest" time="2.084">
    <testcase name="test01_addRelation" classname="uml.relationshipTest" time="0.003"/>
    <testcase name="test02_checkRelationTypes" classname="uml.relationshipTest" time="0.009"/>
    <testcase name="test03_delRelation" classname="uml.relationshipTest" time="0.005"/>
    <testcase name="test04_addmultRelation" classname="uml.relationshipTest" time="0.012"/>
    <testcase name="test05_delmultRelation" classname="uml.relationshipTest" time="0.032"/>
    <testcase name="test065_addRelationDup" classname="uml.relationshipTest" time="1.986"/>
    <testcase name="test06_addRelationDup" classname="uml.relationshipTest" time="0.015"/>
    <testcase name="test07_deleteNotExist" classname="uml.relationshipTest" time="0.003"/>
    <testcase name="test08_changeRel" classname="uml.relationshipTest" time="0.01"/>
    <testcase name="test09_changeRelNotExist" classname="uml.relationshipTest" time="0.003"/>
  </testsuite>
  <testsuite name="uml.ParametersTesting" time="0.065">
    <testcase name="Constructor" classname="uml.ParametersTesting" time="0.004"/>
    <testcase name="addParamsAndFindParams" classname="uml.ParametersTesting" time="0.002"/>
    <testcase name="addParamsAndFindParamsAdvanced" classname="uml.ParametersTesting" time="0.006"/>
    <testcase name="addParamsDNE" classname="uml.ParametersTesting" time="0.003"/>
    <testcase name="changeParameters" classname="uml.ParametersTesting" time="0.004"/>
    <testcase name="deleteAllParameters" classname="uml.ParametersTesting" time="0.015"/>
    <testcase name="deleteAllParamsDNE" classname="uml.ParametersTesting" time="0.003"/>
    <testcase name="deleteParameterAndCompareParams" classname="uml.ParametersTesting" time="0.008"/>
    <testcase name="deleteParamsDNE" classname="uml.ParametersTesting" time="0.017"/>
  </testsuite>
  <testsuite name="uml.MethodsTester" time="0.087">
    <testcase name="addParamsAndFindParams" classname="uml.MethodsTester" time="0.013"/>
    <testcase name="test01_AddMethod" classname="uml.MethodsTester" time="0.008"/>
    <testcase name="test02_AddExistingMethod" classname="uml.MethodsTester" time="0.007"/>
    <testcase name="test03_AddNonAlphaMethod" classname="uml.MethodsTester" time="0.001"/>
    <testcase name="test04_AddMethodNonExistingClass" classname="uml.MethodsTester" time="0.011"/>
    <testcase name="test05_RemoveMethod" classname="uml.MethodsTester" time="0.008"/>
    <testcase name="test06_RemoveNonExistingMethod" classname="uml.MethodsTester" time="0.0"/>
    <testcase name="test07_RemoveMethodNonExistingClass" classname="uml.MethodsTester" time="0.0"/>
    <testcase name="test08_RenameMethod" classname="uml.MethodsTester" time="0.003"/>
    <testcase name="test09_RenameNonExistingMethod" classname="uml.MethodsTester" time="0.001"/>
    <testcase name="test10_RenameMethodNonExistingClass" classname="uml.MethodsTester" time="0.0"/>
    <testcase name="test11_RemoveAllMethods" classname="uml.MethodsTester" time="0.003"/>
    <testcase name="test11_RemoveMethods" classname="uml.MethodsTester" time="0.004"/>
    <testcase name="test12_lists" classname="uml.MethodsTester" time="0.003"/>
    <testcase name="test13_lists" classname="uml.MethodsTester" time="0.015">
      <error>java.lang.NullPointerException: Cannot invoke "java.util.ArrayList.iterator()" because "list" is null&#13;
	at uml.Parameters.findParam(Parameters.java:300)&#13;
	at uml.MethodsTester.test13_lists(MethodsTester.java:373)&#13;
	at java.base/jdk.internal.reflect.NativeMethodAccessorImpl.invoke0(Native Method)&#13;
	at java.base/jdk.internal.reflect.NativeMethodAccessorImpl.invoke(NativeMethodAccessorImpl.java:78)&#13;
	at java.base/jdk.internal.reflect.DelegatingMethodAccessorImpl.invoke(DelegatingMethodAccessorImpl.java:43)&#13;
	at java.base/java.lang.reflect.Method.invoke(Method.java:567)&#13;
	at org.junit.runners.model.FrameworkMethod$1.runReflectiveCall(FrameworkMethod.java:50)&#13;
	at org.junit.internal.runners.model.ReflectiveCallable.run(ReflectiveCallable.java:12)&#13;
	at org.junit.runners.model.FrameworkMethod.invokeExplosively(FrameworkMethod.java:47)&#13;
	at org.junit.internal.runners.statements.InvokeMethod.evaluate(InvokeMethod.java:17)&#13;
	at org.junit.runners.ParentRunner.runLeaf(ParentRunner.java:325)&#13;
	at org.junit.runners.BlockJUnit4ClassRunner.runChild(BlockJUnit4ClassRunner.java:78)&#13;
	at org.junit.runners.BlockJUnit4ClassRunner.runChild(BlockJUnit4ClassRunner.java:57)&#13;
	at org.junit.runners.ParentRunner$3.run(ParentRunner.java:290)&#13;
	at org.junit.runners.ParentRunner$1.schedule(ParentRunner.java:71)&#13;
	at org.junit.runners.ParentRunner.runChildren(ParentRunner.java:288)&#13;
	at org.junit.runners.ParentRunner.access$000(ParentRunner.java:58)&#13;
	at org.junit.runners.ParentRunner$2.evaluate(ParentRunner.java:268)&#13;
	at org.junit.runners.ParentRunner.run(ParentRunner.java:363)&#13;
	at org.eclipse.jdt.internal.junit4.runner.JUnit4TestReference.run(JUnit4TestReference.java:93)&#13;
	at org.eclipse.jdt.internal.junit.runner.TestExecution.run(TestExecution.java:40)&#13;
	at org.eclipse.jdt.internal.junit.runner.RemoteTestRunner.runTests(RemoteTestRunner.java:529)&#13;
	at org.eclipse.jdt.internal.junit.runner.RemoteTestRunner.runTests(RemoteTestRunner.java:756)&#13;
	at org.eclipse.jdt.internal.junit.runner.RemoteTestRunner.run(RemoteTestRunner.java:452)&#13;
	at org.eclipse.jdt.internal.junit.runner.RemoteTestRunner.main(RemoteTestRunner.java:210)&#13;
&#13;
</error>
    </testcase>
  </testsuite>
</testrun>
