<?xml version="1.0" encoding="UTF-8"?><testrun name="MethodsTester" project="UML" tests="15" started="15" failures="0" errors="1" ignored="0">
  <testsuite name="uml.MethodsTester" time="0.579">
    <testcase name="addParamsAndFindParams" classname="uml.MethodsTester" time="0.431"/>
    <testcase name="test01_AddMethod" classname="uml.MethodsTester" time="0.015"/>
    <testcase name="test02_AddExistingMethod" classname="uml.MethodsTester" time="0.03"/>
    <testcase name="test03_AddNonAlphaMethod" classname="uml.MethodsTester" time="0.003"/>
    <testcase name="test04_AddMethodNonExistingClass" classname="uml.MethodsTester" time="0.001"/>
    <testcase name="test05_RemoveMethod" classname="uml.MethodsTester" time="0.018"/>
    <testcase name="test06_RemoveNonExistingMethod" classname="uml.MethodsTester" time="0.008"/>
    <testcase name="test07_RemoveMethodNonExistingClass" classname="uml.MethodsTester" time="0.001"/>
    <testcase name="test08_RenameMethod" classname="uml.MethodsTester" time="0.007"/>
    <testcase name="test09_RenameNonExistingMethod" classname="uml.MethodsTester" time="0.005"/>
    <testcase name="test10_RenameMethodNonExistingClass" classname="uml.MethodsTester" time="0.003"/>
    <testcase name="test11_RemoveAllMethods" classname="uml.MethodsTester" time="0.009"/>
    <testcase name="test11_RemoveMethods" classname="uml.MethodsTester" time="0.01"/>
    <testcase name="test12_lists" classname="uml.MethodsTester" time="0.011"/>
    <testcase name="test13_lists" classname="uml.MethodsTester" time="0.018">
      <error>java.lang.NullPointerException: Cannot invoke "java.util.ArrayList.iterator()" because "list" is null&#13;
	at uml.Parameters.findParam(Parameters.java:300)&#13;
	at uml.MethodsTester.test13_lists(MethodsTester.java:373)&#13;
	at java.base/jdk.internal.reflect.NativeMethodAccessorImpl.invoke0(Native Method)&#13;
	at java.base/jdk.internal.reflect.NativeMethodAccessorImpl.invoke(NativeMethodAccessorImpl.java:78)&#13;
	at java.base/jdk.internal.reflect.DelegatingMethodAccessorImpl.invoke(DelegatingMethodAccessorImpl.java:43)&#13;
	at java.base/java.lang.reflect.Method.invoke(Method.java:567)&#13;
	at org.junit.runners.model.FrameworkMethod$1.runReflectiveCall(FrameworkMethod.java:50)&#13;
	at org.junit.internal.runners.model.ReflectiveCallable.run(ReflectiveCallable.java:12)&#13;
	at org.junit.runners.model.FrameworkMethod.invokeExplosively(FrameworkMethod.java:47)&#13;
	at org.junit.internal.runners.statements.InvokeMethod.evaluate(InvokeMethod.java:17)&#13;
	at org.junit.runners.ParentRunner.runLeaf(ParentRunner.java:325)&#13;
	at org.junit.runners.BlockJUnit4ClassRunner.runChild(BlockJUnit4ClassRunner.java:78)&#13;
	at org.junit.runners.BlockJUnit4ClassRunner.runChild(BlockJUnit4ClassRunner.java:57)&#13;
	at org.junit.runners.ParentRunner$3.run(ParentRunner.java:290)&#13;
	at org.junit.runners.ParentRunner$1.schedule(ParentRunner.java:71)&#13;
	at org.junit.runners.ParentRunner.runChildren(ParentRunner.java:288)&#13;
	at org.junit.runners.ParentRunner.access$000(ParentRunner.java:58)&#13;
	at org.junit.runners.ParentRunner$2.evaluate(ParentRunner.java:268)&#13;
	at org.junit.runners.ParentRunner.run(ParentRunner.java:363)&#13;
	at org.eclipse.jdt.internal.junit4.runner.JUnit4TestReference.run(JUnit4TestReference.java:93)&#13;
	at org.eclipse.jdt.internal.junit.runner.TestExecution.run(TestExecution.java:40)&#13;
	at org.eclipse.jdt.internal.junit.runner.RemoteTestRunner.runTests(RemoteTestRunner.java:529)&#13;
	at org.eclipse.jdt.internal.junit.runner.RemoteTestRunner.runTests(RemoteTestRunner.java:756)&#13;
	at org.eclipse.jdt.internal.junit.runner.RemoteTestRunner.run(RemoteTestRunner.java:452)&#13;
	at org.eclipse.jdt.internal.junit.runner.RemoteTestRunner.main(RemoteTestRunner.java:210)&#13;
&#13;
</error>
    </testcase>
  </testsuite>
</testrun>
